<?xml version="1.0" encoding="UTF-8"?>
<testsuite xmlns:xsi="http://www.w3.org/2001/XMLSchema-instance" xsi:noNamespaceSchemaLocation="https://maven.apache.org/surefire/maven-surefire-plugin/xsd/surefire-test-report.xsd" name="com.eya.produits.ProduitApplicationTests" time="10.373" tests="12" errors="3" skipped="0" failures="0">
  <properties>
[...]
</properties>
  <testcase name="testTrierProduitsNomsPrix" classname="com.eya.produits.ProduitApplicationTests" time="0.368"/>
  <testcase name="testFindByNomProduitContains" classname="com.eya.produits.ProduitApplicationTests" time="0.041"/>
  <testcase name="testfindByCategorie" classname="com.eya.produits.ProduitApplicationTests" time="0.008"/>
  <testcase name="testCreateProduit" classname="com.eya.produits.ProduitApplicationTests" time="0.103"/>
  <testcase name="testfindByOrderByNomProduitAsc" classname="com.eya.produits.ProduitApplicationTests" time="0.016"/>
  <testcase name="testFindProduit" classname="com.eya.produits.ProduitApplicationTests" time="0.033">
    <error message="No value present" type="java.util.NoSuchElementException">java.util.NoSuchElementException: No value present
	at com.eya.produits.ProduitApplicationTests.testFindProduit(ProduitApplicationTests.java:33)
</error>
    <system-out><![CDATA[Hibernate: select produit0_.id_produit as id_produ1_1_0_, produit0_.categorie_id_cat as categori5_1_0_, produit0_.date_creation as date_cre2_1_0_, produit0_.nom_produit as nom_prod3_1_0_, produit0_.prix_produit as prix_pro4_1_0_, categorie1_.id_cat as id_cat1_0_1_, categorie1_.description_cat as descript2_0_1_, categorie1_.nom_cat as nom_cat3_0_1_ from produit produit0_ left outer join categorie categorie1_ on produit0_.categorie_id_cat=categorie1_.id_cat where produit0_.id_produit=?
]]></system-out>
  </testcase>
  <testcase name="testUpdateProduit" classname="com.eya.produits.ProduitApplicationTests" time="0.009">
    <error message="No value present" type="java.util.NoSuchElementException">java.util.NoSuchElementException: No value present
	at com.eya.produits.ProduitApplicationTests.testUpdateProduit(ProduitApplicationTests.java:40)
</error>
    <system-out><![CDATA[Hibernate: select produit0_.id_produit as id_produ1_1_0_, produit0_.categorie_id_cat as categori5_1_0_, produit0_.date_creation as date_cre2_1_0_, produit0_.nom_produit as nom_prod3_1_0_, produit0_.prix_produit as prix_pro4_1_0_, categorie1_.id_cat as id_cat1_0_1_, categorie1_.description_cat as descript2_0_1_, categorie1_.nom_cat as nom_cat3_0_1_ from produit produit0_ left outer join categorie categorie1_ on produit0_.categorie_id_cat=categorie1_.id_cat where produit0_.id_produit=?
]]></system-out>
  </testcase>
  <testcase name="testfindByNomPrix" classname="com.eya.produits.ProduitApplicationTests" time="0.01"/>
  <testcase name="testListerTousProduits" classname="com.eya.produits.ProduitApplicationTests" time="0.016"/>
  <testcase name="findByCategorieIdCat" classname="com.eya.produits.ProduitApplicationTests" time="0.014"/>
  <testcase name="testDeleteProduit" classname="com.eya.produits.ProduitApplicationTests" time="0.016">
    <error message="No class com.eya.produits.entities.Produit entity with id 1 exists!" type="org.springframework.dao.EmptyResultDataAccessException">org.springframework.dao.EmptyResultDataAccessException: No class com.eya.produits.entities.Produit entity with id 1 exists!
	at com.eya.produits.ProduitApplicationTests.testDeleteProduit(ProduitApplicationTests.java:47)
</error>
    <system-out><![CDATA[Hibernate: select produit0_.id_produit as id_produ1_1_0_, produit0_.categorie_id_cat as categori5_1_0_, produit0_.date_creation as date_cre2_1_0_, produit0_.nom_produit as nom_prod3_1_0_, produit0_.prix_produit as prix_pro4_1_0_, categorie1_.id_cat as id_cat1_0_1_, categorie1_.description_cat as descript2_0_1_, categorie1_.nom_cat as nom_cat3_0_1_ from produit produit0_ left outer join categorie categorie1_ on produit0_.categorie_id_cat=categorie1_.id_cat where produit0_.id_produit=?
]]></system-out>
  </testcase>
  <testcase name="testFindByNomProduit" classname="com.eya.produits.ProduitApplicationTests" time="0.013"/>
</testsuite>